[02:25:06] [ServerMain/INFO]: [bootstrap] Running Java 21 (OpenJDK 64-Bit Server VM 21.0.8+9-Ubuntu-0ubuntu124.04.1; Ubuntu null) on Linux 6.8.0-1030-azure (amd64)
[02:25:06] [ServerMain/INFO]: [bootstrap] Loading Paper 1.21.8-6-main@782ce95 (2025-07-18T20:26:58Z) for Minecraft 1.21.8
[02:25:06] [ServerMain/INFO]: [PluginInitializerManager] Initializing plugins...
[02:25:07] [Paper Plugin Remapper Thread - 2/INFO]: [PluginRemapper] Remapping plugin 'plugins/voicechat-bukkit-2.5.35.jar'...
[02:25:09] [Paper Plugin Remapper Thread - 2/INFO]: [PluginRemapper] Done remapping plugin 'plugins/voicechat-bukkit-2.5.35.jar' in 2205ms.
[02:25:09] [ServerMain/INFO]: [PluginInitializerManager] Initialized 2 plugins
[02:25:09] [ServerMain/INFO]: [PluginInitializerManager] Bukkit plugins (2):
 - LuckPerms (5.5.10), voicechat (2.5.35)
[02:25:14] [ServerMain/INFO]: Environment: Environment[sessionHost=https://sessionserver.mojang.com, servicesHost=https://api.minecraftservices.com, name=PROD]
[02:25:16] [ServerMain/INFO]: Loaded 1407 recipes
[02:25:16] [ServerMain/INFO]: Loaded 1520 advancements
[02:25:16] [ServerMain/INFO]: [ca.spottedleaf.dataconverter.minecraft.datatypes.MCTypeRegistry] Initialising converters for DataConverter...
[02:25:18] [ServerMain/INFO]: [ca.spottedleaf.dataconverter.minecraft.datatypes.MCTypeRegistry] Finished initialising converters for DataConverter in 1,505.3ms
[02:25:18] [Server thread/INFO]: Starting minecraft server version 1.21.8
[02:25:18] [Server thread/INFO]: Loading properties
[02:25:18] [Server thread/INFO]: This server is running Paper version 1.21.8-6-main@782ce95 (2025-07-18T20:26:58Z) (Implementing API version 1.21.8-R0.1-SNAPSHOT)
[02:25:18] [Server thread/INFO]: [spark] This server bundles the spark profiler. For more information please visit https://docs.papermc.io/paper/profiling
[02:25:18] [Server thread/INFO]: Server Ping Player Sample Count: 12
[02:25:18] [Server thread/INFO]: Using 4 threads for Netty based IO
[02:25:19] [Server thread/INFO]: [MoonriseCommon] Paper is using 1 worker threads, 1 I/O threads
[02:25:19] [Server thread/INFO]: [ChunkTaskScheduler] Chunk system is using population gen parallelism: true
[02:25:19] [Server thread/INFO]: Default game type: SURVIVAL
[02:25:19] [Server thread/INFO]: Generating keypair
[02:25:20] [Server thread/INFO]: Starting Minecraft server on *:25565
[02:25:20] [Server thread/INFO]: Using epoll channel type
[02:25:20] [Server thread/INFO]: Paper: Using libdeflate (Linux x86_64) compression from Velocity.
[02:25:20] [Server thread/INFO]: Paper: Using OpenSSL 3.x.x (Linux x86_64) cipher from Velocity.
[02:25:20] [Server thread/INFO]: [voicechat] Loading server plugin voicechat v2.5.35
[02:25:20] [Server thread/INFO]: [LuckPerms] Loading server plugin LuckPerms v5.5.10
[02:25:23] [Server thread/INFO]: [LuckPerms] Loading configuration...
[02:25:23] [Server thread/INFO]: Server permissions file permissions.yml is empty, ignoring it
[02:25:23] [Server thread/INFO]: [LuckPerms] Enabling LuckPerms v5.5.10
[02:25:23] [Server thread/INFO]:         __    
[02:25:23] [Server thread/INFO]:   |    |__)   LuckPerms v5.5.10
[02:25:23] [Server thread/INFO]:   |___ |      Running on Bukkit - Paper
[02:25:23] [Server thread/INFO]: 
[02:25:24] [Server thread/INFO]: [LuckPerms] Loading storage provider... [H2]
[02:25:24] [Server thread/INFO]: [LuckPerms] Loading internal permission managers...
[02:25:24] [Server thread/INFO]: [LuckPerms] Performing initial data load...
[02:25:24] [Server thread/INFO]: [LuckPerms] Successfully enabled. (took 1144ms)
[02:25:24] [Server thread/WARN]: **** SERVER IS RUNNING IN OFFLINE/INSECURE MODE!
[02:25:24] [Server thread/WARN]: The server will make no attempt to authenticate usernames. Beware.
[02:25:24] [Server thread/WARN]: While this makes the game possible to play without internet access, it also opens up the ability for hackers to connect with any username they choose.
[02:25:24] [Server thread/WARN]: To change this, set "online-mode" to "true" in the server.properties file.
[02:25:24] [Server thread/INFO]: Preparing level "world"
[02:25:25] [Server thread/INFO]: Preparing start region for dimension minecraft:overworld
[02:25:25] [Server thread/INFO]: Preparing spawn area: 0%
[02:25:26] [Server thread/INFO]: Preparing spawn area: 2%
[02:25:26] [Server thread/INFO]: Preparing spawn area: 53%
[02:25:26] [Server thread/INFO]: Time elapsed: 1320 ms
[02:25:26] [Server thread/INFO]: Preparing start region for dimension minecraft:the_nether
[02:25:26] [Server thread/INFO]: Preparing spawn area: 0%
[02:25:27] [Server thread/INFO]: Time elapsed: 366 ms
[02:25:27] [Server thread/INFO]: Preparing start region for dimension minecraft:the_end
[02:25:27] [Server thread/INFO]: Preparing spawn area: 0%
[02:25:27] [Server thread/INFO]: Time elapsed: 246 ms
[02:25:27] [Server thread/INFO]: [voicechat] Enabling voicechat v2.5.35
[02:25:27] [Server thread/INFO]: [voicechat] Initializing compatibility for version 1.21.8-R0.1
[02:25:27] [Server thread/INFO]: [voicechat] Compatibility version 18
[02:25:27] [Server thread/INFO]: [voicechat] Successfully initialized commodore command completion
[02:25:27] [Server thread/INFO]: [spark] Starting background profiler...
[02:25:28] [Server thread/INFO]: Done preparing level "world" (3.724s)
[02:25:28] [Server thread/INFO]: Running delayed init tasks
[02:25:28] [Server thread/INFO]: Done (23.635s)! For help, type "help"
[02:25:28] [Server thread/INFO]: [voicechat] Loading plugins
[02:25:28] [Server thread/INFO]: [voicechat] Loaded 0 plugin(s)
[02:25:28] [Server thread/INFO]: [voicechat] Initializing plugins
[02:25:28] [Server thread/INFO]: [voicechat] Initialized 0 plugin(s)
[02:25:28] [Server thread/WARN]: [voicechat] Running in offline mode - Voice chat encryption is not secure!
[02:25:28] [VoiceChatServerThread/INFO]: [voicechat] Voice chat server started at port 24454
[02:33:30] [User Authenticator #0/INFO]: UUID of player VenaticWinner67 is 27624550-5762-38db-a0a7-5ccd77095ef1
[02:33:30] [Server thread/INFO]: [HorriblePlayerLoginEventHack] You have plugins listening to the PlayerLoginEvent, this will cause re-configuration APIs to be unavailable: [LuckPerms]
[02:33:35] [Server thread/INFO]: VenaticWinner67 joined the game
[02:33:35] [Server thread/INFO]: VenaticWinner67[/100.87.58.7:49511] logged in with entity id 24 at ([world]8.5, 68.0, 3.5)
[02:33:36] [Server thread/INFO]: [voicechat] Received secret request of VenaticWinner67 (18)
[02:33:36] [Server thread/INFO]: [voicechat] Sent secret to VenaticWinner67
[02:33:37] [VoiceChatPacketProcessingThread/INFO]: [voicechat] Successfully authenticated player 27624550-5762-38db-a0a7-5ccd77095ef1
[02:33:38] [VoiceChatPacketProcessingThread/INFO]: [voicechat] Successfully validated connection of player 27624550-5762-38db-a0a7-5ccd77095ef1
[02:33:38] [VoiceChatPacketProcessingThread/INFO]: [voicechat] Player VenaticWinner67 (27624550-5762-38db-a0a7-5ccd77095ef1) successfully connected to voice chat
